[debug] [2022-09-03T23:58:01.474Z] ----------------------------------------------------------------------
[debug] [2022-09-03T23:58:01.476Z] Command:       C:\Program Files\nodejs\node.exe C:\Users\HK2\AppData\Roaming\npm\node_modules\firebase-tools\lib\bin\firebase.js init
[debug] [2022-09-03T23:58:01.476Z] CLI Version:   11.8.0
[debug] [2022-09-03T23:58:01.476Z] Platform:      win32
[debug] [2022-09-03T23:58:01.476Z] Node Version:  v16.15.1
[debug] [2022-09-03T23:58:01.477Z] Time:          Sat Sep 03 2022 19:58:01 GMT-0400 (Eastern Daylight Time)
[debug] [2022-09-03T23:58:01.477Z] ----------------------------------------------------------------------
[debug] 
[debug] [2022-09-03T23:58:01.537Z] > command requires scopes: ["email","openid","https://www.googleapis.com/auth/cloudplatformprojects.readonly","https://www.googleapis.com/auth/firebase","https://www.googleapis.com/auth/cloud-platform"]
[debug] [2022-09-03T23:58:01.537Z] > authorizing via signed-in user (ejetaroba19@gmail.com)
[info] 
     ######## #### ########  ######## ########     ###     ######  ########
     ##        ##  ##     ## ##       ##     ##  ##   ##  ##       ##
     ######    ##  ########  ######   ########  #########  ######  ######
     ##        ##  ##    ##  ##       ##     ## ##     ##       ## ##
     ##       #### ##     ## ######## ########  ##     ##  ######  ########

You're about to initialize a Firebase project in this directory:

  C:\Users\HK2\Desktop\EVANDGADI\FULL STACK WEB DEVELOPMENT March 12,2022\PHASE-THIRD\Evangadi\Netflix_2022\netflix-march2022

Before we get started, keep in mind:

  * You are initializing within an existing Firebase project directory

[info] 
=== Project Setup
[info] 
[info] First, let's associate this project directory with a Firebase project.
[info] You can create multiple project aliases by running firebase use --add, 
[info] but for now we'll just set up a default project.
[info] 
[debug] [2022-09-03T23:58:25.550Z] Using project from CLI flag: netflix-app-c1fff
[debug] [2022-09-03T23:58:25.552Z] > refreshing access token with scopes: []
[debug] [2022-09-03T23:58:25.555Z] >>> [apiv2][query] POST https://www.googleapis.com/oauth2/v3/token [none]
[debug] [2022-09-03T23:58:25.556Z] >>> [apiv2][body] POST https://www.googleapis.com/oauth2/v3/token [omitted]
[debug] [2022-09-03T23:58:26.320Z] <<< [apiv2][status] POST https://www.googleapis.com/oauth2/v3/token 200
[debug] [2022-09-03T23:58:26.321Z] <<< [apiv2][body] POST https://www.googleapis.com/oauth2/v3/token [omitted]
[debug] [2022-09-03T23:58:26.338Z] >>> [apiv2][query] GET https://firebase.googleapis.com/v1beta1/projects/netflix-app-c1fff [none]
[debug] [2022-09-03T23:58:27.335Z] <<< [apiv2][status] GET https://firebase.googleapis.com/v1beta1/projects/netflix-app-c1fff 200
[debug] [2022-09-03T23:58:27.335Z] <<< [apiv2][body] GET https://firebase.googleapis.com/v1beta1/projects/netflix-app-c1fff {"projectId":"netflix-app-c1fff","projectNumber":"714957938250","displayName":"netflix-app","name":"projects/netflix-app-c1fff","resources":{"hostingSite":"netflix-app-c1fff"},"state":"ACTIVE","etag":"1_c387ad9b-b159-4879-8a6a-63c6296fa580"}
[info] i  Using project netflix-app-c1fff (netflix-app) 
[info] 
=== Hosting Setup
[info] 
[info] Your public directory is the folder (relative to your project directory) that
[info] will contain Hosting assets to be uploaded with firebase deploy. If you
[info] have a build process for your assets, use your build's output directory.
[info] 
[debug] [2022-09-03T23:58:50.072Z] >>> [apiv2][query] GET https://www.gstatic.com/firebasejs/releases.json [none]
[debug] [2022-09-03T23:58:51.133Z] <<< [apiv2][status] GET https://www.gstatic.com/firebasejs/releases.json 200
[debug] [2022-09-03T23:58:51.134Z] <<< [apiv2][body] GET https://www.gstatic.com/firebasejs/releases.json {"current":{"version":"9.9.4","browserURL":"https://www.gstatic.com/firebasejs/9.9.4/firebase.js","packageURL":"https://www.gstatic.com/firebasejs/9.9.4/firebase.tgz"},"live":{"version":"9.9","browserURL":"https://www.gstatic.com/firebasejs/live/9.9/firebase.js","packageURL":"https://www.gstatic.com/firebasejs/live/9.9/firebase.tgz"},"components":{"analytics":"https://www.gstatic.com/firebasejs/9.9.4/firebase-analytics.js","app":"https://www.gstatic.com/firebasejs/9.9.4/firebase-app.js","app-check":"https://www.gstatic.com/firebasejs/9.9.4/firebase-app-check.js","auth":"https://www.gstatic.com/firebasejs/9.9.4/firebase-auth.js","auth/cordova":"https://www.gstatic.com/firebasejs/9.9.4/firebase-auth/cordova.js","auth/react-native":"https://www.gstatic.com/firebasejs/9.9.4/firebase-auth/react-native.js","functions":"https://www.gstatic.com/firebasejs/9.9.4/firebase-functions.js","firestore":"https://www.gstatic.com/firebasejs/9.9.4/firebase-firestore.js","firestore/lite":"https://www.gstatic.com/firebasejs/9.9.4/firebase-firestore/lite.js","installations":"https://www.gstatic.com/firebasejs/9.9.4/firebase-installations.js","storage":"https://www.gstatic.com/firebasejs/9.9.4/firebase-storage.js","performance":"https://www.gstatic.com/firebasejs/9.9.4/firebase-performance.js","remote-config":"https://www.gstatic.com/firebasejs/9.9.4/firebase-remote-config.js","messaging":"https://www.gstatic.com/firebasejs/9.9.4/firebase-messaging.js","messaging/sw":"https://www.gstatic.com/firebasejs/9.9.4/firebase-messaging/sw.js","database":"https://www.gstatic.com/firebasejs/9.9.4/firebase-database.js","firestore.memory":"https://www.gstatic.com/firebasejs/9.9.4/firebase-firestore.memory.js"}}
[info] +  Wrote build/index.html 
[info] 
[info] i  Detected a .git folder at C:\Users\HK2\Desktop\EVANDGADI\FULL STACK WEB DEVELOPMENT March 12,2022\PHASE-THIRD\Evangadi\Netflix_2022\netflix-march2022 
[info] i  Authorizing with GitHub to upload your service account to a GitHub repository's secrets store. 
[info] 
[info] Visit this URL on this device to log in:
[info] https://github.com/login/oauth/authorize?client_id=89cf50f02ac6aaed3484&state=463775089&redirect_uri=http%3A%2F%2Flocalhost%3A9005&scope=read%3Auser%20repo%20public_repo
[info] 
[info] Waiting for authentication...
